generation,mean_reward,best_reward,sigma
0,5.03,37.60,0.0990
1,10.29,37.60,0.0980
2,17.51,40.46,0.0971
3,2.23,45.20,0.0963
4,12.37,54.38,0.0955
5,2.68,54.38,0.0948
6,23.87,54.38,0.0941
7,20.70,59.11,0.0934
8,11.43,59.11,0.0928
9,21.20,68.45,0.0922
10,8.17,68.45,0.0916
11,18.73,69.67,0.0911
12,25.81,69.67,0.0906
13,34.70,81.27,0.0901
14,60.90,138.53,0.0896
15,24.33,138.53,0.0892
16,17.91,150.74,0.0887
17,69.53,251.41,0.0883
18,67.60,251.41,0.0879
19,94.90,251.41,0.0875
20,69.75,251.41,0.0871
21,82.72,251.41,0.0868
22,89.24,251.41,0.0864
23,102.13,251.41,0.0861
24,111.42,251.41,0.0858
25,119.64,279.98,0.0855
26,113.81,305.56,0.0852
27,128.63,305.56,0.0849
28,98.71,305.56,0.0846
29,112.36,324.35,0.0843
30,126.25,347.91,0.0841
31,88.87,347.91,0.0838
32,125.08,347.91,0.0835
33,202.78,352.77,0.0833
34,126.38,352.77,0.0830
35,215.96,362.32,0.0828
36,159.73,362.32,0.0826
37,109.84,362.32,0.0823
38,156.97,362.32,0.0821
39,108.56,362.32,0.0819
40,152.90,362.32,0.0817
41,176.55,365.00,0.0815
42,161.12,365.00,0.0813
43,181.29,365.00,0.0811
44,162.50,365.00,0.0809
45,192.17,365.00,0.0808
46,148.24,365.00,0.0806
47,160.22,365.00,0.0804
48,202.75,365.00,0.0803
49,134.39,365.00,0.0801
50,195.47,365.00,0.0800
51,202.22,365.00,0.0798
52,162.17,365.00,0.0797
53,148.10,365.00,0.0795
54,182.19,386.03,0.0794
55,111.89,386.03,0.0793
56,170.76,386.03,0.0791
57,175.61,386.03,0.0790
58,154.48,386.03,0.0789
59,155.35,386.03,0.0788
60,161.67,386.03,0.0787
61,154.62,386.03,0.0786
62,130.90,386.03,0.0785
63,186.66,386.03,0.0784
64,176.37,386.03,0.0782
65,179.10,386.03,0.0781
66,163.28,386.03,0.0781
67,148.29,386.03,0.0780
68,142.36,386.03,0.0779
69,133.10,386.03,0.0778
70,174.02,386.03,0.0777
71,221.07,386.03,0.0776
72,150.76,386.03,0.0775
73,175.13,386.03,0.0774
74,185.68,386.03,0.0774
75,199.44,386.03,0.0773
76,206.13,386.03,0.0772
77,222.34,386.03,0.0771
78,139.20,386.03,0.0770
79,167.44,386.03,0.0769
80,196.15,386.03,0.0768
81,200.38,386.03,0.0768
82,163.44,386.03,0.0767
83,168.94,386.03,0.0766
84,241.92,386.03,0.0765
85,199.75,386.03,0.0764
86,133.70,386.03,0.0764
87,202.64,386.03,0.0763
88,245.37,389.56,0.0762
89,146.16,389.56,0.0762
90,208.72,389.56,0.0761
91,212.88,389.56,0.0760
92,197.82,389.56,0.0759
93,101.75,389.56,0.0759
94,183.00,389.56,0.0758
95,151.49,389.56,0.0757
96,160.88,389.56,0.0757
97,169.57,389.56,0.0756
98,135.36,389.56,0.0755
99,214.10,420.14,0.0755
100,209.33,420.14,0.0754
101,187.43,420.14,0.0754
102,217.88,420.14,0.0753
103,214.79,420.14,0.0753
104,160.37,420.14,0.0753
105,176.11,420.14,0.0752
106,173.04,420.14,0.0752
107,187.72,420.14,0.0751
108,225.14,420.14,0.0751
109,190.94,420.14,0.0751
110,236.08,420.14,0.0751
111,201.51,420.14,0.0750
112,149.56,420.14,0.0750
113,240.43,420.14,0.0750
114,199.46,420.14,0.0749
115,161.38,420.14,0.0749
116,135.08,420.14,0.0749
117,169.43,420.14,0.0749
118,241.40,420.14,0.0748
119,154.41,420.14,0.0748
120,228.30,426.39,0.0748
121,221.36,426.39,0.0748
122,198.40,426.39,0.0748
123,218.31,426.39,0.0747
124,201.74,426.39,0.0747
125,200.44,426.39,0.0747
126,183.75,426.39,0.0746
127,234.53,426.39,0.0746
128,183.75,426.39,0.0746
129,204.56,426.39,0.0746
130,283.13,426.39,0.0745
131,205.87,426.39,0.0745
132,222.48,426.39,0.0745
133,248.99,426.39,0.0745
134,251.66,426.39,0.0744
135,261.70,426.39,0.0744
136,184.58,426.39,0.0744
137,157.15,426.39,0.0743
138,228.87,426.39,0.0743
139,165.00,426.39,0.0743
140,168.31,426.39,0.0742
141,188.31,426.39,0.0742
142,205.77,426.39,0.0742
143,253.54,457.20,0.0742
144,187.88,457.20,0.0741
145,123.97,457.20,0.0741
146,194.03,457.20,0.0741
147,246.70,457.20,0.0741
148,214.44,457.20,0.0741
149,197.56,457.20,0.0741
150,210.42,457.20,0.0740
151,244.98,457.20,0.0740
152,259.69,457.20,0.0740
153,232.44,457.20,0.0739
154,236.89,457.20,0.0739
155,217.33,457.20,0.0739
156,258.47,457.20,0.0739
157,227.47,457.20,0.0738
158,197.87,457.20,0.0738
159,218.49,457.20,0.0738
160,273.98,457.20,0.0737
161,227.62,457.20,0.0737
162,207.05,457.20,0.0737
163,159.98,457.20,0.0737
164,228.98,457.20,0.0736
165,184.99,457.20,0.0736
166,249.21,457.20,0.0736
167,182.84,457.20,0.0736
168,182.82,457.20,0.0735
169,251.16,457.20,0.0735
170,192.70,457.20,0.0735
171,269.62,457.20,0.0735
172,193.79,457.20,0.0735
173,274.37,457.20,0.0735
174,240.93,457.20,0.0734
175,199.06,457.20,0.0734
176,209.58,457.20,0.0734
177,238.24,457.20,0.0734
178,201.23,457.20,0.0734
179,169.39,457.20,0.0733
180,225.17,457.20,0.0733
181,225.50,457.20,0.0733
182,153.75,457.20,0.0733
183,243.56,457.20,0.0732
184,217.96,457.20,0.0732
185,169.10,457.20,0.0732
186,195.53,457.20,0.0732
187,139.24,457.20,0.0732
188,178.73,457.20,0.0732
189,215.45,457.20,0.0732
190,205.33,457.20,0.0732
191,176.73,457.20,0.0731
192,211.20,457.20,0.0731
193,200.06,457.20,0.0731
194,219.27,457.20,0.0731
195,172.36,457.20,0.0730
196,201.82,457.20,0.0730
197,190.86,457.20,0.0730
198,147.53,457.20,0.0729
199,192.34,457.20,0.0729
200,226.57,457.20,0.0729
201,233.89,457.20,0.0728
202,186.69,457.20,0.0728
203,201.41,457.20,0.0728
204,216.84,457.20,0.0727
205,197.67,457.20,0.0727
206,205.73,457.20,0.0727
207,240.91,457.20,0.0726
208,179.60,457.20,0.0726
209,211.12,457.20,0.0726
210,238.11,457.20,0.0725
211,208.68,457.20,0.0725
212,214.59,457.20,0.0724
213,249.28,457.20,0.0724
214,187.30,457.20,0.0723
215,235.58,457.20,0.0722
216,252.48,457.20,0.0722
217,227.27,457.20,0.0721
218,282.72,457.20,0.0721
219,258.51,457.20,0.0720
220,275.60,457.20,0.0719
221,243.29,457.20,0.0719
222,230.77,457.20,0.0718
223,199.10,457.20,0.0718
224,191.95,457.20,0.0717
225,267.63,457.20,0.0717
226,254.62,457.20,0.0716
227,230.38,457.20,0.0716
228,225.40,457.20,0.0716
229,276.83,457.20,0.0715
230,208.86,457.20,0.0715
231,226.22,457.20,0.0714
232,206.62,457.20,0.0714
233,257.00,457.20,0.0714
234,219.48,457.20,0.0713
235,237.95,457.20,0.0713
236,169.09,457.20,0.0713
237,262.59,457.20,0.0713
238,253.36,457.20,0.0713
239,226.62,457.20,0.0712
240,226.53,457.20,0.0712
241,224.57,457.20,0.0712
242,232.34,457.20,0.0712
243,259.15,457.20,0.0711
244,295.45,457.20,0.0711
245,233.31,457.20,0.0711
246,226.12,457.20,0.0711
247,223.27,457.20,0.0710
248,201.94,457.20,0.0710
249,234.93,457.20,0.0710
250,233.79,457.20,0.0710
251,204.42,457.20,0.0710
252,246.52,457.20,0.0710
253,247.87,457.20,0.0709
254,248.79,457.20,0.0709
255,237.56,457.20,0.0709
256,228.52,457.20,0.0709
257,249.80,457.20,0.0709
258,237.16,457.20,0.0709
259,254.96,457.20,0.0708
260,223.96,457.20,0.0708
261,247.90,457.20,0.0708
262,214.52,457.20,0.0708
263,250.67,457.20,0.0707
264,248.87,457.20,0.0707
265,226.59,457.20,0.0707
266,271.60,457.20,0.0707
267,261.00,457.20,0.0707
268,186.44,457.20,0.0707
269,243.46,457.20,0.0707
270,238.00,457.20,0.0706
271,248.90,457.20,0.0706
272,251.72,457.20,0.0706
273,229.72,457.20,0.0706
274,262.30,457.20,0.0705
275,225.94,457.20,0.0705
276,284.23,457.20,0.0705
277,191.52,457.20,0.0705
278,263.55,457.20,0.0705
279,229.41,457.20,0.0704
280,264.38,457.20,0.0704
281,266.45,457.20,0.0704
282,248.75,457.20,0.0704
283,205.97,457.20,0.0704
284,252.71,457.20,0.0704
285,307.11,457.20,0.0704
286,220.32,457.20,0.0704
287,265.89,457.20,0.0704
288,298.13,457.20,0.0704
289,249.23,457.20,0.0704
290,236.80,457.20,0.0704
291,242.69,457.20,0.0704
292,242.35,457.20,0.0704
293,293.82,457.20,0.0704
294,264.66,457.20,0.0704
295,331.23,457.20,0.0704
296,271.04,457.20,0.0704
297,245.85,457.20,0.0704
298,243.02,457.20,0.0704
299,298.93,457.20,0.0704
300,294.09,457.20,0.0705
301,236.73,457.20,0.0705
302,219.62,457.20,0.0705
303,268.79,457.20,0.0705
304,271.77,457.20,0.0706
305,227.30,457.20,0.0706
306,259.99,457.20,0.0706
307,299.52,457.20,0.0707
308,265.89,457.20,0.0707
309,259.55,457.20,0.0707
310,279.83,457.20,0.0708
311,246.82,457.20,0.0708
312,294.01,457.20,0.0708
313,273.65,457.20,0.0708
314,250.46,457.20,0.0708
315,203.79,457.20,0.0708
316,265.86,457.20,0.0708
317,230.11,457.20,0.0709
318,243.27,457.20,0.0709
319,268.52,457.20,0.0709
320,279.18,457.20,0.0709
321,282.99,457.20,0.0709
322,270.86,457.20,0.0709
323,267.27,457.20,0.0709
324,329.17,457.20,0.0709
325,267.80,457.20,0.0708
326,261.66,457.20,0.0708
327,191.80,457.20,0.0708
328,319.20,457.20,0.0708
329,306.71,457.20,0.0707
330,270.12,457.20,0.0707
331,174.99,457.20,0.0707
332,322.15,463.63,0.0707
333,250.15,463.63,0.0706
334,323.14,463.63,0.0706
335,288.78,463.63,0.0705
336,297.83,463.63,0.0705
337,320.39,463.63,0.0704
338,264.17,463.63,0.0704
339,287.80,463.63,0.0703
340,301.23,463.63,0.0703
341,266.13,463.63,0.0703
342,246.04,463.63,0.0702
343,267.41,463.63,0.0702
344,318.14,463.63,0.0701
345,339.13,463.63,0.0701
346,288.46,463.63,0.0700
347,261.01,463.63,0.0700
348,301.11,463.63,0.0700
349,300.68,463.63,0.0699
350,252.94,463.63,0.0699
351,312.45,463.63,0.0698
352,312.08,463.63,0.0698
353,271.92,463.63,0.0697
354,313.02,463.63,0.0697
355,304.26,463.63,0.0697
356,326.28,465.62,0.0696
357,296.93,465.62,0.0696
358,217.70,465.62,0.0696
359,286.18,465.62,0.0696
360,322.97,465.62,0.0695
361,346.96,465.62,0.0695
362,300.97,465.62,0.0695
363,379.82,477.58,0.0695
364,300.48,477.58,0.0695
365,272.30,477.58,0.0695
366,321.29,477.58,0.0694
367,311.86,477.58,0.0694
368,238.65,477.58,0.0694
369,284.70,477.58,0.0694
370,281.36,477.58,0.0694
371,322.91,477.58,0.0693
372,336.91,477.58,0.0693
373,249.41,477.58,0.0693
374,299.93,477.58,0.0693
375,276.48,477.58,0.0693
376,288.43,477.58,0.0692
377,263.48,477.58,0.0692
378,311.52,477.58,0.0692
379,266.91,477.58,0.0692
380,265.78,477.58,0.0692
381,313.48,477.58,0.0692
382,304.86,477.58,0.0692
383,230.28,477.58,0.0691
384,320.24,477.58,0.0691
385,269.89,477.58,0.0691
386,342.99,492.19,0.0691
387,279.87,492.19,0.0691
388,229.55,492.19,0.0691
389,309.83,492.19,0.0690
390,281.72,492.19,0.0690
391,286.79,492.19,0.0690
392,260.36,492.19,0.0690
393,288.18,492.19,0.0690
394,291.99,492.19,0.0690
395,344.23,492.19,0.0690
396,219.07,492.19,0.0691
397,280.27,492.19,0.0691
398,299.26,492.19,0.0691
399,315.32,492.19,0.0691
400,242.13,492.19,0.0691
401,300.71,492.19,0.0691
402,317.22,492.19,0.0691
403,281.43,492.19,0.0691
404,312.32,492.19,0.0691
405,329.20,492.19,0.0691
406,277.76,492.19,0.0691
407,319.05,492.19,0.0692
408,275.78,492.19,0.0692
409,299.25,492.19,0.0692
410,308.65,492.19,0.0692
411,286.47,492.19,0.0692
412,302.98,492.19,0.0692
413,332.28,492.19,0.0692
414,308.21,492.19,0.0692
415,304.55,492.19,0.0692
416,268.76,492.19,0.0692
417,315.04,492.19,0.0692
418,275.73,492.19,0.0692
419,315.93,492.19,0.0692
420,258.93,492.19,0.0693
421,285.91,492.19,0.0693
422,254.11,492.19,0.0693
423,263.72,492.19,0.0693
424,324.45,492.19,0.0694
425,243.13,492.19,0.0694
426,302.19,492.19,0.0694
427,281.79,492.19,0.0695
428,304.55,492.19,0.0695
429,294.16,492.19,0.0695
430,331.90,492.19,0.0695
431,250.96,492.19,0.0696
432,272.94,492.19,0.0696
433,231.66,492.19,0.0696
434,234.08,492.19,0.0696
435,293.71,492.19,0.0697
436,322.01,492.19,0.0697
437,218.58,492.19,0.0697
438,350.41,492.19,0.0697
439,321.64,492.19,0.0697
440,312.95,492.19,0.0698
441,301.15,492.19,0.0698
442,333.59,492.19,0.0698
443,338.80,492.19,0.0698
444,355.62,492.19,0.0699
445,289.42,492.19,0.0699
446,344.72,492.19,0.0699
447,253.46,492.19,0.0699
448,276.01,492.19,0.0700
449,323.07,492.19,0.0700
450,299.52,492.19,0.0700
451,309.05,492.19,0.0700
452,304.56,492.19,0.0700
453,342.30,492.19,0.0700
454,275.09,492.19,0.0700
455,301.71,492.19,0.0701
456,325.29,492.19,0.0701
457,328.76,492.19,0.0701
458,304.44,492.19,0.0701
459,333.27,492.19,0.0701
460,252.83,492.19,0.0701
461,319.30,492.19,0.0701
462,319.82,492.19,0.0701
463,298.79,492.19,0.0701
464,334.56,492.19,0.0701
465,249.25,492.19,0.0701
466,288.51,492.19,0.0701
467,291.02,492.19,0.0701
468,308.96,492.19,0.0702
469,258.57,492.19,0.0702
470,259.65,492.19,0.0702
471,270.17,492.19,0.0702
472,344.56,492.19,0.0702
473,276.25,492.19,0.0702
474,275.13,492.19,0.0702
475,345.18,492.19,0.0702
476,288.96,492.19,0.0702
477,351.03,492.19,0.0703
478,316.80,492.19,0.0703
479,298.40,492.19,0.0703
480,322.00,492.19,0.0703
481,275.80,492.19,0.0703
482,351.92,492.19,0.0703
483,269.82,492.19,0.0704
484,274.60,492.19,0.0704
485,314.73,492.19,0.0704
486,307.30,492.19,0.0704
487,315.17,492.19,0.0704
488,302.63,492.19,0.0704
489,329.12,492.19,0.0704
490,249.85,492.19,0.0704
491,275.21,492.19,0.0704
492,301.12,492.19,0.0705
493,315.49,492.19,0.0705
494,312.20,492.19,0.0705
495,325.01,492.19,0.0705
496,265.21,492.19,0.0705
497,317.65,492.19,0.0705
498,319.06,492.19,0.0705
499,309.11,492.19,0.0705
